<?xml version="1.0" encoding="UTF-8"?>
<!-- Generated by org.testng.reporters.JUnitReportReporter -->
<testsuite skipped="0" hostname="B9GBMITE1E" name="WeKanTest.SignInTestSuite" tests="13" failures="1" timestamp="06 Mar 2018 09:41:16 GMT" time="74.734" errors="0">
  <testcase name="toVerifyLanguageIsChangingAccordingToSelectionMadeFromLanguageDropdownMenu" time="5.415" classname="WeKanTest.SignInTestSuite">
    <failure type="java.lang.AssertionError" message="Language is not as per selection expected [登录] but found [ç»å½]">
      <![CDATA[java.lang.AssertionError: Language is not as per selection expected [登录] but found [ç»å½]
	at org.testng.Assert.fail(Assert.java:93)
	at org.testng.Assert.failNotEquals(Assert.java:512)
	at org.testng.Assert.assertEqualsImpl(Assert.java:134)
	at org.testng.Assert.assertEquals(Assert.java:115)
	at org.testng.Assert.assertEquals(Assert.java:189)
	at WeKanTest.SignInTestSuite.toVerifyLanguageIsChangingAccordingToSelectionMadeFromLanguageDropdownMenu(SignInTestSuite.java:156)
	at sun.reflect.NativeMethodAccessorImpl.invoke0(Native Method)
	at sun.reflect.NativeMethodAccessorImpl.invoke(NativeMethodAccessorImpl.java:62)
	at sun.reflect.DelegatingMethodAccessorImpl.invoke(DelegatingMethodAccessorImpl.java:43)
	at java.lang.reflect.Method.invoke(Method.java:498)
	at org.testng.internal.MethodInvocationHelper.invokeMethod(MethodInvocationHelper.java:108)
	at org.testng.internal.Invoker.invokeMethod(Invoker.java:661)
	at org.testng.internal.Invoker.invokeTestMethod(Invoker.java:869)
	at org.testng.internal.Invoker.invokeTestMethods(Invoker.java:1193)
	at org.testng.internal.TestMethodWorker.invokeTestMethods(TestMethodWorker.java:126)
	at org.testng.internal.TestMethodWorker.run(TestMethodWorker.java:109)
	at org.testng.TestRunner.privateRun(TestRunner.java:744)
	at org.testng.TestRunner.run(TestRunner.java:602)
	at org.testng.SuiteRunner.runTest(SuiteRunner.java:380)
	at org.testng.SuiteRunner.runSequentially(SuiteRunner.java:375)
	at org.testng.SuiteRunner.privateRun(SuiteRunner.java:340)
	at org.testng.SuiteRunner.run(SuiteRunner.java:289)
	at org.testng.SuiteRunnerWorker.runSuite(SuiteRunnerWorker.java:52)
	at org.testng.SuiteRunnerWorker.run(SuiteRunnerWorker.java:86)
	at org.testng.TestNG.runSuitesSequentially(TestNG.java:1301)
	at org.testng.TestNG.runSuitesLocally(TestNG.java:1226)
	at org.testng.TestNG.runSuites(TestNG.java:1144)
	at org.testng.TestNG.run(TestNG.java:1115)
	at org.testng.IDEARemoteTestNG.run(IDEARemoteTestNG.java:72)
	at org.testng.RemoteTestNGStarter.main(RemoteTestNGStarter.java:123)
]]>
    </failure>
  </testcase> <!-- toVerifyLanguageIsChangingAccordingToSelectionMadeFromLanguageDropdownMenu -->
  <testcase name="toVerifySignInPageIsLoadedCorrectlyWithUserNameAndPasswordInputFieldSignInButtonWeblinksAndDropdownmenu" time="6.426" classname="WeKanTest.SignInTestSuite"/>
  <testcase name="toVerifyUserShouldBeAbleToNavigateToForgotPasswordPageWhenClickOnForgotPasswordLink" time="6.349" classname="WeKanTest.SignInTestSuite"/>
  <testcase name="toVerifyUserShouldBeAbleToNavigateToSignUpPageWhenClickOnRegisterLink" time="5.353" classname="WeKanTest.SignInTestSuite"/>
  <testcase name="toVerifyUserShouldBeAbleToLogInwithValidUserNameAndValidPassword" time="5.809" classname="WeKanTest.SignInTestSuite"/>
  <testcase name="toVerifyUserShouldNotBeAbleToLogInWithBlankUserNameAndBlankPassword" time="5.859" classname="WeKanTest.SignInTestSuite"/>
  <testcase name="toVerifyUserShouldNotBeAbleToLogInWithBlankUserNameAndInvalidPassword" time="5.390" classname="WeKanTest.SignInTestSuite"/>
  <testcase name="toVerifyUserShouldNotBeAbleToLogInWithBlankUserNameAndValidPassword" time="5.458" classname="WeKanTest.SignInTestSuite"/>
  <testcase name="toVerifyUserShouldNotBeAbleToLogInWithInvalidUserNameAndBlankPassword" time="5.427" classname="WeKanTest.SignInTestSuite"/>
  <testcase name="toVerifyUserShouldNotBeAbleToLogInWithInvalidUserNameAndInvalidPassword" time="5.619" classname="WeKanTest.SignInTestSuite"/>
  <testcase name="toVerifyUserShouldNotBeAbleToLogInWithInvalidUserNameAndValidPassword" time="6.399" classname="WeKanTest.SignInTestSuite"/>
  <testcase name="toVerifyUserShouldNotBeAbleToLogInWithValidUserNameAndBlankPassword" time="5.519" classname="WeKanTest.SignInTestSuite"/>
  <testcase name="toVerifyUserShouldNotBeAbleToLogInWithValidUserNameAndInvalidPassword" time="5.711" classname="WeKanTest.SignInTestSuite"/>
</testsuite> <!-- WeKanTest.SignInTestSuite -->
